<?xml version="1.0" encoding="UTF-8"?>
<!-- Generated by org.testng.reporters.JUnitReportReporter -->
<testsuite hostname="DESKTOP-LD6MKAK" failures="0" tests="4" name="TestNg.SampleTest" time="0.022" errors="0" timestamp="2024-09-18T16:16:13 IST" skipped="0">
  <testcase classname="TestNg.SampleTest" name="contactCreated" time="0.016"/>
  <testcase classname="TestNg.SampleTest" name="contactDeleted" time="0.002"/>
  <testcase classname="TestNg.SampleTest" name="contactModified" time="0.002"/>
  <testcase classname="TestNg.SampleTest" name="contactCreated" time="0.002"/>
</testsuite> <!-- TestNg.SampleTest -->
