<?xml version="1.0" encoding="UTF-8"?>
<!-- Generated by org.testng.reporters.JUnitReportReporter -->
<testsuite hostname="DESKTOP-LD6MKAK" failures="0" tests="1" name="TestNg.dataProviderex2" time="22.003" errors="0" timestamp="2024-09-19T16:10:24 IST" skipped="0">
  <testcase classname="TestNg.dataProviderex2" name="organizationModuleTest" time="22.003"/>
</testsuite> <!-- TestNg.dataProviderex2 -->
