<?xml version="1.0" encoding="UTF-8"?>
<!-- Generated by org.testng.reporters.JUnitReportReporter -->
<testsuite hostname="DESKTOP-LD6MKAK" failures="0" tests="1" name="Product.CreateProductandDeleteTest" time="35.115" errors="0" timestamp="2024-10-03T16:03:47 IST" skipped="0">
  <testcase classname="Product.CreateProductandDeleteTest" name="createProductandDeleteTest" time="35.115"/>
  <system-out/>
</testsuite> <!-- Product.CreateProductandDeleteTest -->
