<?xml version="1.0" encoding="UTF-8"?>
<!-- Generated by org.testng.reporters.JUnitReportReporter -->
<testsuite hostname="DESKTOP-LD6MKAK" failures="0" tests="1" name="Product.createProductTest" time="25.415" errors="0" timestamp="2024-09-28T16:29:59 IST" skipped="0">
  <testcase classname="Product.createProductTest" name="createProductTest" time="25.415"/>
  <system-out/>
</testsuite> <!-- Product.createProductTest -->
