<?xml version="1.0" encoding="UTF-8"?>
<!-- Generated by org.testng.reporters.JUnitReportReporter -->
<testsuite hostname="DESKTOP-LD6MKAK" failures="0" tests="1" name="Organization.CreateOrganizationTest" time="35.828" errors="0" timestamp="2024-10-04T15:09:10 IST" skipped="0">
  <testcase classname="Organization.CreateOrganizationTest" name="createOrganizationTest" time="35.828"/>
  <system-out/>
</testsuite> <!-- Organization.CreateOrganizationTest -->
