<?xml version="1.0" encoding="UTF-8"?>
<!-- Generated by org.testng.reporters.JUnitReportReporter -->
<testsuite hostname="DESKTOP-LD6MKAK" failures="0" tests="2" name="TestNg.dataProviderEx" time="0.018" errors="0" timestamp="2024-09-19T15:20:30 IST" skipped="0">
  <testcase classname="TestNg.dataProviderEx" name="bookTickets" time="0.016"/>
  <testcase classname="TestNg.dataProviderEx" name="bookTickets" time="0.002"/>
</testsuite> <!-- TestNg.dataProviderEx -->
