<?xml version="1.0" encoding="UTF-8"?>
<!-- Generated by org.testng.reporters.JUnitReportReporter -->
<testsuite hostname="DESKTOP-LD6MKAK" failures="0" tests="1" name="Campaign.CreateCampaingwithProductTest" time="37.255" errors="0" timestamp="2024-10-03T16:48:43 IST" skipped="0">
  <testcase classname="Campaign.CreateCampaingwithProductTest" name="createCampaingwithProductTest" time="37.255"/>
  <system-out/>
</testsuite> <!-- Campaign.CreateCampaingwithProductTest -->
