<?xml version="1.0" encoding="UTF-8"?>
<!-- Generated by org.testng.reporters.JUnitReportReporter -->
<testsuite hostname="DESKTOP-LD6MKAK" failures="0" tests="3" name="TestNg.DataProviderEx4Test" time="48.248" errors="0" timestamp="2024-09-20T17:06:24 IST" skipped="0">
  <testcase classname="TestNg.DataProviderEx4Test" name="organizationModuleTest" time="14.278"/>
  <system-out/>
  <testcase classname="TestNg.DataProviderEx4Test" name="organizationModuleTest" time="19.453"/>
  <system-out/>
  <testcase classname="TestNg.DataProviderEx4Test" name="organizationModuleTest" time="14.517"/>
  <system-out/>
</testsuite> <!-- TestNg.DataProviderEx4Test -->
