<?xml version="1.0" encoding="UTF-8"?>
<!-- Generated by org.testng.reporters.JUnitReportReporter -->
<testsuite hostname="DESKTOP-LD6MKAK" failures="0" tests="1" name="Campaign.createCampaignTest" time="35.853" errors="0" timestamp="2024-10-04T15:09:10 IST" skipped="0">
  <testcase classname="Campaign.createCampaignTest" name="createCampaignTest" time="35.853"/>
  <system-out/>
</testsuite> <!-- Campaign.createCampaignTest -->
